<?xml version="1.0" encoding="UTF-8"?>
<!-- Generated by org.testng.reporters.JUnitReportReporter -->
<testsuite hostname="thispc" failures="0" tests="1" name="DataProvider" time="8.980" errors="0" timestamp="2023-03-24T16:46:05 IST" skipped="0">
  <testcase classname="DataProvider" name="login" time="8.980"/>
  <system-out/>
</testsuite> <!-- DataProvider -->
