<?xml version="1.0" encoding="UTF-8"?>
<!-- Generated by org.testng.reporters.JUnitReportReporter -->
<testsuite hostname="thispc" failures="0" tests="2" name="Bro" time="26.392" errors="0" timestamp="2023-03-31T16:32:36 IST" skipped="0">
  <testcase classname="Bro" name="Edge" time="16.522"/>
  <system-out/>
  <testcase classname="Bro" name="Chrome" time="9.870"/>
  <system-out/>
</testsuite> <!-- Bro -->
