<?xml version="1.0" encoding="UTF-8"?>
<!-- Generated by org.testng.reporters.JUnitReportReporter -->
<testsuite hostname="thispc" failures="0" tests="2" name="DataProviders" time="33.117" errors="0" timestamp="2023-04-03T10:45:16 IST" skipped="0">
  <testcase classname="DataProviders" name="login" time="18.858"/>
  <system-out/>
  <testcase classname="DataProviders" name="login" time="14.259"/>
  <system-out/>
</testsuite> <!-- DataProviders -->
